<?xml version="1.0" encoding="UTF-8"?>
<testsuite xmlns:xsi="http://www.w3.org/2001/XMLSchema-instance" xsi:noNamespaceSchemaLocation="https://maven.apache.org/surefire/maven-surefire-plugin/xsd/surefire-test-report.xsd" name="ar.com.grupoesfera.piopio.BaseDePiosTest" time="0.024" tests="1" errors="0" skipped="0" failures="1">
  <properties>
    <property name="sun.desktop" value="windows"/>
    <property name="awt.toolkit" value="sun.awt.windows.WToolkit"/>
    <property name="file.encoding.pkg" value="sun.io"/>
    <property name="java.specification.version" value="1.8"/>
    <property name="sun.cpu.isalist" value="amd64"/>
    <property name="sun.jnu.encoding" value="Cp1252"/>
    <property name="java.class.path" value="C:\Users\TJ_E90401\Downloads\Eclipse Workspace\piopio\target\test-classes;C:\Users\TJ_E90401\Downloads\Eclipse Workspace\piopio\target\classes;C:\Users\TJ_E90401\.m2\repository\org\hibernate\hibernate-core\5.2.13.Final\hibernate-core-5.2.13.Final.jar;C:\Users\TJ_E90401\.m2\repository\org\jboss\logging\jboss-logging\3.3.1.Final\jboss-logging-3.3.1.Final.jar;C:\Users\TJ_E90401\.m2\repository\org\hibernate\javax\persistence\hibernate-jpa-2.1-api\1.0.0.Final\hibernate-jpa-2.1-api-1.0.0.Final.jar;C:\Users\TJ_E90401\.m2\repository\org\javassist\javassist\3.22.0-GA\javassist-3.22.0-GA.jar;C:\Users\TJ_E90401\.m2\repository\antlr\antlr\2.7.7\antlr-2.7.7.jar;C:\Users\TJ_E90401\.m2\repository\org\jboss\spec\javax\transaction\jboss-transaction-api_1.2_spec\1.0.1.Final\jboss-transaction-api_1.2_spec-1.0.1.Final.jar;C:\Users\TJ_E90401\.m2\repository\org\jboss\jandex\2.0.3.Final\jandex-2.0.3.Final.jar;C:\Users\TJ_E90401\.m2\repository\com\fasterxml\classmate\1.3.0\classmate-1.3.0.jar;C:\Users\TJ_E90401\.m2\repository\dom4j\dom4j\1.6.1\dom4j-1.6.1.jar;C:\Users\TJ_E90401\.m2\repository\org\hibernate\common\hibernate-commons-annotations\5.0.1.Final\hibernate-commons-annotations-5.0.1.Final.jar;C:\Users\TJ_E90401\.m2\repository\org\jboss\resteasy\resteasy-jaxrs\3.1.4.Final\resteasy-jaxrs-3.1.4.Final.jar;C:\Users\TJ_E90401\.m2\repository\org\jboss\spec\javax\ws\rs\jboss-jaxrs-api_2.0_spec\1.0.1.Beta1\jboss-jaxrs-api_2.0_spec-1.0.1.Beta1.jar;C:\Users\TJ_E90401\.m2\repository\org\jboss\resteasy\resteasy-jaxrs-services\3.1.4.Final\resteasy-jaxrs-services-3.1.4.Final.jar;C:\Users\TJ_E90401\.m2\repository\org\jboss\spec\javax\annotation\jboss-annotations-api_1.2_spec\1.0.0.Final\jboss-annotations-api_1.2_spec-1.0.0.Final.jar;C:\Users\TJ_E90401\.m2\repository\javax\activation\activation\1.1.1\activation-1.1.1.jar;C:\Users\TJ_E90401\.m2\repository\org\apache\httpcomponents\httpclient\4.5.2\httpclient-4.5.2.jar;C:\Users\TJ_E90401\.m2\repository\org\apache\httpcomponents\httpcore\4.4.4\httpcore-4.4.4.jar;C:\Users\TJ_E90401\.m2\repository\commons-logging\commons-logging\1.2\commons-logging-1.2.jar;C:\Users\TJ_E90401\.m2\repository\commons-codec\commons-codec\1.9\commons-codec-1.9.jar;C:\Users\TJ_E90401\.m2\repository\commons-io\commons-io\2.5\commons-io-2.5.jar;C:\Users\TJ_E90401\.m2\repository\net\jcip\jcip-annotations\1.0\jcip-annotations-1.0.jar;C:\Users\TJ_E90401\.m2\repository\org\jboss\resteasy\resteasy-undertow\3.1.4.Final\resteasy-undertow-3.1.4.Final.jar;C:\Users\TJ_E90401\.m2\repository\org\jboss\resteasy\resteasy-client\3.1.4.Final\resteasy-client-3.1.4.Final.jar;C:\Users\TJ_E90401\.m2\repository\io\undertow\undertow-servlet\1.3.25.Final\undertow-servlet-1.3.25.Final.jar;C:\Users\TJ_E90401\.m2\repository\org\jboss\spec\javax\servlet\jboss-servlet-api_3.1_spec\1.0.0.Final\jboss-servlet-api_3.1_spec-1.0.0.Final.jar;C:\Users\TJ_E90401\.m2\repository\io\undertow\undertow-core\1.3.25.Final\undertow-core-1.3.25.Final.jar;C:\Users\TJ_E90401\.m2\repository\org\jboss\xnio\xnio-api\3.3.6.Final\xnio-api-3.3.6.Final.jar;C:\Users\TJ_E90401\.m2\repository\org\jboss\xnio\xnio-nio\3.3.6.Final\xnio-nio-3.3.6.Final.jar;C:\Users\TJ_E90401\.m2\repository\org\jboss\resteasy\resteasy-cdi\3.1.4.Final\resteasy-cdi-3.1.4.Final.jar;C:\Users\TJ_E90401\.m2\repository\javax\validation\validation-api\1.1.0.Final\validation-api-1.1.0.Final.jar;C:\Users\TJ_E90401\.m2\repository\org\jboss\resteasy\resteasy-jackson-provider\3.1.4.Final\resteasy-jackson-provider-3.1.4.Final.jar;C:\Users\TJ_E90401\.m2\repository\org\codehaus\jackson\jackson-core-asl\1.9.13\jackson-core-asl-1.9.13.jar;C:\Users\TJ_E90401\.m2\repository\org\codehaus\jackson\jackson-mapper-asl\1.9.13\jackson-mapper-asl-1.9.13.jar;C:\Users\TJ_E90401\.m2\repository\org\codehaus\jackson\jackson-jaxrs\1.9.13\jackson-jaxrs-1.9.13.jar;C:\Users\TJ_E90401\.m2\repository\org\codehaus\jackson\jackson-xc\1.9.13\jackson-xc-1.9.13.jar;C:\Users\TJ_E90401\.m2\repository\org\jboss\weld\servlet\weld-servlet\2.4.1.Final\weld-servlet-2.4.1.Final.jar;C:\Users\TJ_E90401\.m2\repository\javax\el\javax.el-api\3.0.0\javax.el-api-3.0.0.jar;C:\Users\TJ_E90401\.m2\repository\com\h2database\h2\1.4.196\h2-1.4.196.jar;C:\Users\TJ_E90401\.m2\repository\junit\junit\4.12\junit-4.12.jar;C:\Users\TJ_E90401\.m2\repository\org\hamcrest\hamcrest-core\1.3\hamcrest-core-1.3.jar;C:\Users\TJ_E90401\.m2\repository\org\hamcrest\hamcrest-integration\1.3\hamcrest-integration-1.3.jar;C:\Users\TJ_E90401\.m2\repository\org\hamcrest\hamcrest-library\1.3\hamcrest-library-1.3.jar;C:\Users\TJ_E90401\.m2\repository\org\slf4j\slf4j-log4j12\1.7.13\slf4j-log4j12-1.7.13.jar;C:\Users\TJ_E90401\.m2\repository\org\slf4j\slf4j-api\1.7.13\slf4j-api-1.7.13.jar;C:\Users\TJ_E90401\.m2\repository\log4j\log4j\1.2.17\log4j-1.2.17.jar;C:\Users\TJ_E90401\.m2\repository\com\jayway\jsonpath\json-path-assert\2.2.0\json-path-assert-2.2.0.jar;C:\Users\TJ_E90401\.m2\repository\com\jayway\jsonpath\json-path\2.2.0\json-path-2.2.0.jar;C:\Users\TJ_E90401\.m2\repository\net\minidev\json-smart\2.2.1\json-smart-2.2.1.jar;C:\Users\TJ_E90401\.m2\repository\net\minidev\accessors-smart\1.1\accessors-smart-1.1.jar;C:\Users\TJ_E90401\.m2\repository\org\ow2\asm\asm\5.0.3\asm-5.0.3.jar;"/>
    <property name="java.vm.vendor" value="Oracle Corporation"/>
    <property name="sun.arch.data.model" value="64"/>
    <property name="user.variant" value=""/>
    <property name="java.vendor.url" value="http://java.oracle.com/"/>
    <property name="user.timezone" value="America/Buenos_Aires"/>
    <property name="java.vm.specification.version" value="1.8"/>
    <property name="os.name" value="Windows 10"/>
    <property name="user.country" value="AR"/>
    <property name="sun.java.launcher" value="SUN_STANDARD"/>
    <property name="sun.boot.library.path" value="C:\Program Files\Java\jdk1.8.0_211\jre\bin"/>
    <property name="sun.java.command" value="C:\Users\TJ_E90~1\AppData\Local\Temp\surefire6634337259522848928\surefirebooter2289130374365134896.jar C:\Users\TJ_E90401\AppData\Local\Temp\surefire6634337259522848928 2019-07-10T14-19-22_209-jvmRun1 surefire6808609916769575636tmp surefire_05787848039041952302tmp"/>
    <property name="surefire.test.class.path" value="C:\Users\TJ_E90401\Downloads\Eclipse Workspace\piopio\target\test-classes;C:\Users\TJ_E90401\Downloads\Eclipse Workspace\piopio\target\classes;C:\Users\TJ_E90401\.m2\repository\org\hibernate\hibernate-core\5.2.13.Final\hibernate-core-5.2.13.Final.jar;C:\Users\TJ_E90401\.m2\repository\org\jboss\logging\jboss-logging\3.3.1.Final\jboss-logging-3.3.1.Final.jar;C:\Users\TJ_E90401\.m2\repository\org\hibernate\javax\persistence\hibernate-jpa-2.1-api\1.0.0.Final\hibernate-jpa-2.1-api-1.0.0.Final.jar;C:\Users\TJ_E90401\.m2\repository\org\javassist\javassist\3.22.0-GA\javassist-3.22.0-GA.jar;C:\Users\TJ_E90401\.m2\repository\antlr\antlr\2.7.7\antlr-2.7.7.jar;C:\Users\TJ_E90401\.m2\repository\org\jboss\spec\javax\transaction\jboss-transaction-api_1.2_spec\1.0.1.Final\jboss-transaction-api_1.2_spec-1.0.1.Final.jar;C:\Users\TJ_E90401\.m2\repository\org\jboss\jandex\2.0.3.Final\jandex-2.0.3.Final.jar;C:\Users\TJ_E90401\.m2\repository\com\fasterxml\classmate\1.3.0\classmate-1.3.0.jar;C:\Users\TJ_E90401\.m2\repository\dom4j\dom4j\1.6.1\dom4j-1.6.1.jar;C:\Users\TJ_E90401\.m2\repository\org\hibernate\common\hibernate-commons-annotations\5.0.1.Final\hibernate-commons-annotations-5.0.1.Final.jar;C:\Users\TJ_E90401\.m2\repository\org\jboss\resteasy\resteasy-jaxrs\3.1.4.Final\resteasy-jaxrs-3.1.4.Final.jar;C:\Users\TJ_E90401\.m2\repository\org\jboss\spec\javax\ws\rs\jboss-jaxrs-api_2.0_spec\1.0.1.Beta1\jboss-jaxrs-api_2.0_spec-1.0.1.Beta1.jar;C:\Users\TJ_E90401\.m2\repository\org\jboss\resteasy\resteasy-jaxrs-services\3.1.4.Final\resteasy-jaxrs-services-3.1.4.Final.jar;C:\Users\TJ_E90401\.m2\repository\org\jboss\spec\javax\annotation\jboss-annotations-api_1.2_spec\1.0.0.Final\jboss-annotations-api_1.2_spec-1.0.0.Final.jar;C:\Users\TJ_E90401\.m2\repository\javax\activation\activation\1.1.1\activation-1.1.1.jar;C:\Users\TJ_E90401\.m2\repository\org\apache\httpcomponents\httpclient\4.5.2\httpclient-4.5.2.jar;C:\Users\TJ_E90401\.m2\repository\org\apache\httpcomponents\httpcore\4.4.4\httpcore-4.4.4.jar;C:\Users\TJ_E90401\.m2\repository\commons-logging\commons-logging\1.2\commons-logging-1.2.jar;C:\Users\TJ_E90401\.m2\repository\commons-codec\commons-codec\1.9\commons-codec-1.9.jar;C:\Users\TJ_E90401\.m2\repository\commons-io\commons-io\2.5\commons-io-2.5.jar;C:\Users\TJ_E90401\.m2\repository\net\jcip\jcip-annotations\1.0\jcip-annotations-1.0.jar;C:\Users\TJ_E90401\.m2\repository\org\jboss\resteasy\resteasy-undertow\3.1.4.Final\resteasy-undertow-3.1.4.Final.jar;C:\Users\TJ_E90401\.m2\repository\org\jboss\resteasy\resteasy-client\3.1.4.Final\resteasy-client-3.1.4.Final.jar;C:\Users\TJ_E90401\.m2\repository\io\undertow\undertow-servlet\1.3.25.Final\undertow-servlet-1.3.25.Final.jar;C:\Users\TJ_E90401\.m2\repository\org\jboss\spec\javax\servlet\jboss-servlet-api_3.1_spec\1.0.0.Final\jboss-servlet-api_3.1_spec-1.0.0.Final.jar;C:\Users\TJ_E90401\.m2\repository\io\undertow\undertow-core\1.3.25.Final\undertow-core-1.3.25.Final.jar;C:\Users\TJ_E90401\.m2\repository\org\jboss\xnio\xnio-api\3.3.6.Final\xnio-api-3.3.6.Final.jar;C:\Users\TJ_E90401\.m2\repository\org\jboss\xnio\xnio-nio\3.3.6.Final\xnio-nio-3.3.6.Final.jar;C:\Users\TJ_E90401\.m2\repository\org\jboss\resteasy\resteasy-cdi\3.1.4.Final\resteasy-cdi-3.1.4.Final.jar;C:\Users\TJ_E90401\.m2\repository\javax\validation\validation-api\1.1.0.Final\validation-api-1.1.0.Final.jar;C:\Users\TJ_E90401\.m2\repository\org\jboss\resteasy\resteasy-jackson-provider\3.1.4.Final\resteasy-jackson-provider-3.1.4.Final.jar;C:\Users\TJ_E90401\.m2\repository\org\codehaus\jackson\jackson-core-asl\1.9.13\jackson-core-asl-1.9.13.jar;C:\Users\TJ_E90401\.m2\repository\org\codehaus\jackson\jackson-mapper-asl\1.9.13\jackson-mapper-asl-1.9.13.jar;C:\Users\TJ_E90401\.m2\repository\org\codehaus\jackson\jackson-jaxrs\1.9.13\jackson-jaxrs-1.9.13.jar;C:\Users\TJ_E90401\.m2\repository\org\codehaus\jackson\jackson-xc\1.9.13\jackson-xc-1.9.13.jar;C:\Users\TJ_E90401\.m2\repository\org\jboss\weld\servlet\weld-servlet\2.4.1.Final\weld-servlet-2.4.1.Final.jar;C:\Users\TJ_E90401\.m2\repository\javax\el\javax.el-api\3.0.0\javax.el-api-3.0.0.jar;C:\Users\TJ_E90401\.m2\repository\com\h2database\h2\1.4.196\h2-1.4.196.jar;C:\Users\TJ_E90401\.m2\repository\junit\junit\4.12\junit-4.12.jar;C:\Users\TJ_E90401\.m2\repository\org\hamcrest\hamcrest-core\1.3\hamcrest-core-1.3.jar;C:\Users\TJ_E90401\.m2\repository\org\hamcrest\hamcrest-integration\1.3\hamcrest-integration-1.3.jar;C:\Users\TJ_E90401\.m2\repository\org\hamcrest\hamcrest-library\1.3\hamcrest-library-1.3.jar;C:\Users\TJ_E90401\.m2\repository\org\slf4j\slf4j-log4j12\1.7.13\slf4j-log4j12-1.7.13.jar;C:\Users\TJ_E90401\.m2\repository\org\slf4j\slf4j-api\1.7.13\slf4j-api-1.7.13.jar;C:\Users\TJ_E90401\.m2\repository\log4j\log4j\1.2.17\log4j-1.2.17.jar;C:\Users\TJ_E90401\.m2\repository\com\jayway\jsonpath\json-path-assert\2.2.0\json-path-assert-2.2.0.jar;C:\Users\TJ_E90401\.m2\repository\com\jayway\jsonpath\json-path\2.2.0\json-path-2.2.0.jar;C:\Users\TJ_E90401\.m2\repository\net\minidev\json-smart\2.2.1\json-smart-2.2.1.jar;C:\Users\TJ_E90401\.m2\repository\net\minidev\accessors-smart\1.1\accessors-smart-1.1.jar;C:\Users\TJ_E90401\.m2\repository\org\ow2\asm\asm\5.0.3\asm-5.0.3.jar;"/>
    <property name="sun.cpu.endian" value="little"/>
    <property name="user.home" value="C:\Users\TJ_E90401"/>
    <property name="user.language" value="es"/>
    <property name="java.specification.vendor" value="Oracle Corporation"/>
    <property name="java.home" value="C:\Program Files\Java\jdk1.8.0_211\jre"/>
    <property name="basedir" value="C:\Users\TJ_E90401\Downloads\Eclipse Workspace\piopio"/>
    <property name="file.separator" value="\"/>
    <property name="line.separator" value="&#10;"/>
    <property name="java.vm.specification.vendor" value="Oracle Corporation"/>
    <property name="java.specification.name" value="Java Platform API Specification"/>
    <property name="java.awt.graphicsenv" value="sun.awt.Win32GraphicsEnvironment"/>
    <property name="surefire.real.class.path" value="C:\Users\TJ_E90~1\AppData\Local\Temp\surefire6634337259522848928\surefirebooter2289130374365134896.jar"/>
    <property name="sun.boot.class.path" value="C:\Program Files\Java\jdk1.8.0_211\jre\lib\resources.jar;C:\Program Files\Java\jdk1.8.0_211\jre\lib\rt.jar;C:\Program Files\Java\jdk1.8.0_211\jre\lib\sunrsasign.jar;C:\Program Files\Java\jdk1.8.0_211\jre\lib\jsse.jar;C:\Program Files\Java\jdk1.8.0_211\jre\lib\jce.jar;C:\Program Files\Java\jdk1.8.0_211\jre\lib\charsets.jar;C:\Program Files\Java\jdk1.8.0_211\jre\lib\jfr.jar;C:\Program Files\Java\jdk1.8.0_211\jre\classes"/>
    <property name="user.script" value=""/>
    <property name="sun.management.compiler" value="HotSpot 64-Bit Tiered Compilers"/>
    <property name="java.runtime.version" value="1.8.0_211-b12"/>
    <property name="user.name" value="TJ_E90401"/>
    <property name="path.separator" value=";"/>
    <property name="os.version" value="10.0"/>
    <property name="java.endorsed.dirs" value="C:\Program Files\Java\jdk1.8.0_211\jre\lib\endorsed"/>
    <property name="java.runtime.name" value="Java(TM) SE Runtime Environment"/>
    <property name="file.encoding" value="Cp1252"/>
    <property name="java.vm.name" value="Java HotSpot(TM) 64-Bit Server VM"/>
    <property name="localRepository" value="C:\Users\TJ_E90401\.m2\repository"/>
    <property name="java.vendor.url.bug" value="http://bugreport.sun.com/bugreport/"/>
    <property name="java.io.tmpdir" value="C:\Users\TJ_E90~1\AppData\Local\Temp\"/>
    <property name="java.version" value="1.8.0_211"/>
    <property name="user.dir" value="C:\Users\TJ_E90401\Downloads\Eclipse Workspace\piopio"/>
    <property name="os.arch" value="amd64"/>
    <property name="java.vm.specification.name" value="Java Virtual Machine Specification"/>
    <property name="java.awt.printerjob" value="sun.awt.windows.WPrinterJob"/>
    <property name="sun.os.patch.level" value=""/>
    <property name="java.library.path" value="C:\Program Files\Java\jdk1.8.0_211\jre\bin;C:\WINDOWS\Sun\Java\bin;C:\WINDOWS\system32;C:\WINDOWS;C:/Program Files/Java/jdk1.8.0_211/bin/../jre/bin/server;C:/Program Files/Java/jdk1.8.0_211/bin/../jre/bin;C:/Program Files/Java/jdk1.8.0_211/bin/../jre/lib/amd64;C:\Program Files\Java\jdk1.8.0_211\bin;c:\Oracle\cliente12_x64\product\12.1.0\client_1\bin;C:\Perl64\site\bin;C:\Perl64\bin;C:\Program Files (x86)\Common Files\Oracle\Java\javapath;C:\WINDOWS\system32;C:\WINDOWS;C:\WINDOWS\System32\Wbem;C:\WINDOWS\System32\WindowsPowerShell\v1.0\;C:\Program Files\PuTTY\;C:\Program Files\TortoiseSVN\bin;C:\Program Files (x86)\Windows Kits\10\Windows Performance Toolkit\;C:\Users\TJ_E90401\AppData\Local\Microsoft\WindowsApps;;C:\Eclipse 2019-06 JEE;;."/>
    <property name="java.vm.info" value="mixed mode"/>
    <property name="java.vendor" value="Oracle Corporation"/>
    <property name="java.vm.version" value="25.211-b12"/>
    <property name="java.ext.dirs" value="C:\Program Files\Java\jdk1.8.0_211\jre\lib\ext;C:\WINDOWS\Sun\Java\lib\ext"/>
    <property name="sun.io.unicode.encoding" value="UnicodeLittle"/>
    <property name="java.class.version" value="52.0"/>
  </properties>
  <testcase name="deberiasEscribirPruebasUnitarias" classname="ar.com.grupoesfera.piopio.BaseDePiosTest" time="0.024">
    <failure message="Tus clases deberían estar probadas y con Cobertura completa" type="java.lang.AssertionError">java.lang.AssertionError: Tus clases deberían estar probadas y con Cobertura completa
	at ar.com.grupoesfera.piopio.BaseDePiosTest.deberiasEscribirPruebasUnitarias(BaseDePiosTest.java:27)
</failure>
    <system-out><![CDATA[WARN  Fixture-persistirSiEsPosible - Usuario no es una Entity (no está mapeada). Nada que hacer aquí.
WARN  Fixture-persistirSiEsPosible - Usuario no es una Entity (no está mapeada). Nada que hacer aquí.
WARN  Fixture-persistirSiEsPosible - Usuario no es una Entity (no está mapeada). Nada que hacer aquí.
WARN  Fixture-persistirSiEsPosible - Usuario no es una Entity (no está mapeada). Nada que hacer aquí.
WARN  Fixture-persistirSiEsPosible - Usuario no es una Entity (no está mapeada). Nada que hacer aquí.
WARN  Fixture-persistirSiEsPosible - Usuario no es una Entity (no está mapeada). Nada que hacer aquí.
WARN  Fixture-persistirSiEsPosible - Usuario no es una Entity (no está mapeada). Nada que hacer aquí.
WARN  Fixture-persistirSiEsPosible - Favorito no es una Entity (no está mapeada). Nada que hacer aquí.
WARN  Fixture-persistirSiEsPosible - Favorito no es una Entity (no está mapeada). Nada que hacer aquí.
WARN  Fixture-persistirSiEsPosible - Favorito no es una Entity (no está mapeada). Nada que hacer aquí.
WARN  Fixture-persistirSiEsPosible - Favorito no es una Entity (no está mapeada). Nada que hacer aquí.
WARN  Fixture-persistirSiEsPosible - Favorito no es una Entity (no está mapeada). Nada que hacer aquí.
WARN  Fixture-persistirSiEsPosible - Favorito no es una Entity (no está mapeada). Nada que hacer aquí.
WARN  Fixture-persistirSiEsPosible - Favorito no es una Entity (no está mapeada). Nada que hacer aquí.
WARN  Fixture-persistirSiEsPosible - Favorito no es una Entity (no está mapeada). Nada que hacer aquí.
WARN  Fixture-persistirSiEsPosible - Favorito no es una Entity (no está mapeada). Nada que hacer aquí.
WARN  Fixture-persistirSiEsPosible - Favorito no es una Entity (no está mapeada). Nada que hacer aquí.
WARN  Fixture-persistirSiEsPosible - Favorito no es una Entity (no está mapeada). Nada que hacer aquí.
WARN  Fixture-persistirSiEsPosible - Comentario no es una Entity (no está mapeada). Nada que hacer aquí.
WARN  Fixture-persistirSiEsPosible - Comentario no es una Entity (no está mapeada). Nada que hacer aquí.
WARN  Fixture-eliminarSiEsPosible - Favorito no es una Entity (no está mapeada). Nada que hacer aquí.
WARN  Fixture-eliminarSiEsPosible - Comentario no es una Entity (no está mapeada). Nada que hacer aquí.
WARN  Fixture-eliminarSiEsPosible - Usuario no es una Entity (no está mapeada). Nada que hacer aquí.
]]></system-out>
  </testcase>
</testsuite>